<?xml version="1.0" encoding="UTF-8"?>
<coverage generated="1768516154179" clover="3.2.0">
  <project timestamp="1768516154179" name="All files">
    <metrics statements="55" coveredstatements="55" conditionals="10" coveredconditionals="10" methods="9" coveredmethods="9" elements="74" coveredelements="74" complexity="0" loc="55" ncloc="55" packages="1" files="2" classes="2"/>
    <file name="calculations.ts" path="/Volumes/Code/personal/nate-dev-site/packages/macro-tracker/src/calculator/calculations.ts">
      <metrics statements="48" coveredstatements="48" conditionals="10" coveredconditionals="10" methods="9" coveredmethods="9"/>
      <line num="11" count="1" type="stmt"/>
      <line num="39" count="1" type="stmt"/>
      <line num="45" count="19" type="stmt"/>
      <line num="46" count="19" type="cond" truecount="2" falsecount="0"/>
      <line num="47" count="19" type="stmt"/>
      <line num="59" count="1" type="stmt"/>
      <line num="60" count="18" type="stmt"/>
      <line num="61" count="18" type="stmt"/>
      <line num="81" count="1" type="stmt"/>
      <line num="87" count="22" type="stmt"/>
      <line num="88" count="22" type="stmt"/>
      <line num="90" count="22" type="cond" truecount="2" falsecount="0"/>
      <line num="91" count="13" type="stmt"/>
      <line num="92" count="13" type="stmt"/>
      <line num="93" count="9" type="cond" truecount="1" falsecount="0"/>
      <line num="94" count="4" type="stmt"/>
      <line num="95" count="4" type="stmt"/>
      <line num="100" count="22" type="stmt"/>
      <line num="101" count="22" type="cond" truecount="1" falsecount="0"/>
      <line num="102" count="5" type="stmt"/>
      <line num="103" count="5" type="stmt"/>
      <line num="106" count="22" type="stmt"/>
      <line num="120" count="1" type="stmt"/>
      <line num="121" count="15" type="stmt"/>
      <line num="122" count="15" type="stmt"/>
      <line num="133" count="1" type="stmt"/>
      <line num="134" count="14" type="stmt"/>
      <line num="135" count="14" type="stmt"/>
      <line num="146" count="1" type="stmt"/>
      <line num="151" count="14" type="stmt"/>
      <line num="152" count="14" type="stmt"/>
      <line num="153" count="14" type="stmt"/>
      <line num="156" count="14" type="stmt"/>
      <line num="157" count="14" type="stmt"/>
      <line num="169" count="1" type="stmt"/>
      <line num="178" count="10" type="stmt"/>
      <line num="181" count="10" type="stmt"/>
      <line num="184" count="10" type="stmt"/>
      <line num="187" count="10" type="stmt"/>
      <line num="195" count="10" type="stmt"/>
      <line num="196" count="10" type="stmt"/>
      <line num="197" count="10" type="stmt"/>
      <line num="199" count="10" type="stmt"/>
      <line num="220" count="1" type="cond" truecount="1" falsecount="0"/>
      <line num="221" count="4" type="stmt"/>
      <line num="222" count="4" type="stmt"/>
      <line num="231" count="1" type="stmt"/>
      <line num="232" count="3" type="stmt"/>
    </file>
    <file name="types.ts" path="/Volumes/Code/personal/nate-dev-site/packages/macro-tracker/src/calculator/types.ts">
      <metrics statements="7" coveredstatements="7" conditionals="0" coveredconditionals="0" methods="0" coveredmethods="0"/>
      <line num="90" count="1" type="stmt"/>
      <line num="100" count="1" type="stmt"/>
      <line num="109" count="1" type="stmt"/>
      <line num="117" count="1" type="stmt"/>
      <line num="126" count="1" type="stmt"/>
      <line num="131" count="1" type="stmt"/>
      <line num="136" count="1" type="stmt"/>
    </file>
  </project>
</coverage>
