{"/Volumes/Code/personal/nate-dev-site/packages/macro-tracker/src/calculator/calculations.ts": {"path":"/Volumes/Code/personal/nate-dev-site/packages/macro-tracker/src/calculator/calculations.ts","statementMap":{"0":{"start":{"line":39,"column":0},"end":{"line":39,"column":16}},"1":{"start":{"line":59,"column":0},"end":{"line":59,"column":16}},"2":{"start":{"line":81,"column":0},"end":{"line":81,"column":16}},"3":{"start":{"line":120,"column":0},"end":{"line":120,"column":16}},"4":{"start":{"line":133,"column":0},"end":{"line":133,"column":16}},"5":{"start":{"line":146,"column":0},"end":{"line":146,"column":16}},"6":{"start":{"line":169,"column":0},"end":{"line":169,"column":16}},"7":{"start":{"line":220,"column":0},"end":{"line":220,"column":16}},"8":{"start":{"line":231,"column":0},"end":{"line":231,"column":16}},"9":{"start":{"line":11,"column":0},"end":{"line":11,"column":null}},"10":{"start":{"line":45,"column":18},"end":{"line":45,"column":59}},"11":{"start":{"line":46,"column":24},"end":{"line":46,"column":49}},"12":{"start":{"line":47,"column":2},"end":{"line":47,"column":45}},"13":{"start":{"line":60,"column":21},"end":{"line":60,"column":56}},"14":{"start":{"line":61,"column":2},"end":{"line":61,"column":38}},"15":{"start":{"line":87,"column":23},"end":{"line":87,"column":27}},"16":{"start":{"line":88,"column":26},"end":{"line":88,"column":31}},"17":{"start":{"line":90,"column":2},"end":{"line":96,"column":3}},"18":{"start":{"line":91,"column":20},"end":{"line":91,"column":53}},"19":{"start":{"line":92,"column":4},"end":{"line":92,"column":36}},"20":{"start":{"line":93,"column":9},"end":{"line":96,"column":3}},"21":{"start":{"line":94,"column":20},"end":{"line":94,"column":53}},"22":{"start":{"line":95,"column":4},"end":{"line":95,"column":36}},"23":{"start":{"line":100,"column":22},"end":{"line":100,"column":39}},"24":{"start":{"line":101,"column":2},"end":{"line":104,"column":3}},"25":{"start":{"line":102,"column":4},"end":{"line":102,"column":33}},"26":{"start":{"line":103,"column":4},"end":{"line":103,"column":29}},"27":{"start":{"line":106,"column":2},"end":{"line":109,"column":4}},"28":{"start":{"line":121,"column":20},"end":{"line":121,"column":40}},"29":{"start":{"line":122,"column":2},"end":{"line":122,"column":54}},"30":{"start":{"line":134,"column":22},"end":{"line":134,"column":53}},"31":{"start":{"line":135,"column":2},"end":{"line":135,"column":57}},"32":{"start":{"line":151,"column":26},"end":{"line":151,"column":66}},"33":{"start":{"line":152,"column":22},"end":{"line":152,"column":54}},"34":{"start":{"line":153,"column":28},"end":{"line":153,"column":74}},"35":{"start":{"line":156,"column":20},"end":{"line":156,"column":76}},"36":{"start":{"line":157,"column":2},"end":{"line":157,"column":31}},"37":{"start":{"line":178,"column":6},"end":{"line":178,"column":11}},"38":{"start":{"line":181,"column":14},"end":{"line":181,"column":66}},"39":{"start":{"line":184,"column":15},"end":{"line":184,"column":48}},"40":{"start":{"line":187,"column":48},"end":{"line":191,"column":null}},"41":{"start":{"line":195,"column":23},"end":{"line":195,"column":49}},"42":{"start":{"line":196,"column":19},"end":{"line":196,"column":47}},"43":{"start":{"line":197,"column":21},"end":{"line":197,"column":75}},"44":{"start":{"line":199,"column":2},"end":{"line":210,"column":4}},"45":{"start":{"line":221,"column":22},"end":{"line":221,"column":40}},"46":{"start":{"line":222,"column":2},"end":{"line":222,"column":40}},"47":{"start":{"line":232,"column":2},"end":{"line":232,"column":25}}},"fnMap":{"0":{"name":"calculateBMR","decl":{"start":{"line":39,"column":16},"end":{"line":39,"column":28}},"loc":{"start":{"line":43,"column":20},"end":{"line":48,"column":1}}},"1":{"name":"calculateTDEE","decl":{"start":{"line":59,"column":16},"end":{"line":59,"column":29}},"loc":{"start":{"line":59,"column":71},"end":{"line":62,"column":1}}},"2":{"name":"applyGoalAdjustment","decl":{"start":{"line":81,"column":16},"end":{"line":81,"column":35}},"loc":{"start":{"line":85,"column":20},"end":{"line":110,"column":1}}},"3":{"name":"calculateProtein","decl":{"start":{"line":120,"column":16},"end":{"line":120,"column":32}},"loc":{"start":{"line":120,"column":49},"end":{"line":123,"column":1}}},"4":{"name":"calculateFat","decl":{"start":{"line":133,"column":16},"end":{"line":133,"column":28}},"loc":{"start":{"line":133,"column":51},"end":{"line":136,"column":1}}},"5":{"name":"calculateCarbs","decl":{"start":{"line":146,"column":16},"end":{"line":146,"column":30}},"loc":{"start":{"line":149,"column":18},"end":{"line":158,"column":1}}},"6":{"name":"calculateMacros","decl":{"start":{"line":169,"column":16},"end":{"line":169,"column":31}},"loc":{"start":{"line":169,"column":59},"end":{"line":211,"column":1}}},"7":{"name":"feetInchesToCm","decl":{"start":{"line":220,"column":16},"end":{"line":220,"column":30}},"loc":{"start":{"line":220,"column":63},"end":{"line":223,"column":1}}},"8":{"name":"lbsToKg","decl":{"start":{"line":231,"column":16},"end":{"line":231,"column":23}},"loc":{"start":{"line":231,"column":35},"end":{"line":233,"column":1}}}},"branchMap":{"0":{"loc":{"start":{"line":46,"column":24},"end":{"line":46,"column":49}},"type":"cond-expr","locations":[{"start":{"line":46,"column":41},"end":{"line":46,"column":42}},{"start":{"line":46,"column":45},"end":{"line":46,"column":49}}]},"1":{"loc":{"start":{"line":90,"column":2},"end":{"line":96,"column":3}},"type":"if","locations":[{"start":{"line":90,"column":2},"end":{"line":96,"column":3}},{"start":{"line":93,"column":9},"end":{"line":96,"column":3}}]},"2":{"loc":{"start":{"line":93,"column":9},"end":{"line":96,"column":3}},"type":"if","locations":[{"start":{"line":93,"column":9},"end":{"line":96,"column":3}}]},"3":{"loc":{"start":{"line":101,"column":2},"end":{"line":104,"column":3}},"type":"if","locations":[{"start":{"line":101,"column":2},"end":{"line":104,"column":3}}]},"4":{"loc":{"start":{"line":177,"column":4},"end":{"line":177,"column":29}},"type":"default-arg","locations":[{"start":{"line":177,"column":19},"end":{"line":177,"column":29}}]},"5":{"loc":{"start":{"line":205,"column":18},"end":{"line":205,"column":59}},"type":"cond-expr","locations":[{"start":{"line":205,"column":40},"end":{"line":205,"column":44}},{"start":{"line":205,"column":47},"end":{"line":205,"column":59}}]},"6":{"loc":{"start":{"line":220,"column":45},"end":{"line":220,"column":63}},"type":"default-arg","locations":[{"start":{"line":220,"column":62},"end":{"line":220,"column":63}}]}},"s":{"0":1,"1":1,"2":1,"3":1,"4":1,"5":1,"6":1,"7":1,"8":1,"9":1,"10":19,"11":19,"12":19,"13":18,"14":18,"15":22,"16":22,"17":22,"18":13,"19":13,"20":9,"21":4,"22":4,"23":22,"24":22,"25":5,"26":5,"27":22,"28":15,"29":15,"30":14,"31":14,"32":14,"33":14,"34":14,"35":14,"36":14,"37":10,"38":10,"39":10,"40":10,"41":10,"42":10,"43":10,"44":10,"45":4,"46":4,"47":3},"f":{"0":19,"1":18,"2":22,"3":15,"4":14,"5":14,"6":10,"7":4,"8":3},"b":{"0":[12,7],"1":[13,9],"2":[4],"3":[5],"4":[5],"5":[4,6],"6":[1]}}
,"/Volumes/Code/personal/nate-dev-site/packages/macro-tracker/src/calculator/types.ts": {"path":"/Volumes/Code/personal/nate-dev-site/packages/macro-tracker/src/calculator/types.ts","statementMap":{"0":{"start":{"line":90,"column":13},"end":{"line":95,"column":2}},"1":{"start":{"line":100,"column":13},"end":{"line":104,"column":2}},"2":{"start":{"line":109,"column":13},"end":{"line":112,"column":2}},"3":{"start":{"line":117,"column":13},"end":{"line":121,"column":11}},"4":{"start":{"line":126,"column":13},"end":{"line":126,"column":40}},"5":{"start":{"line":131,"column":13},"end":{"line":131,"column":35}},"6":{"start":{"line":136,"column":13},"end":{"line":136,"column":33}}},"fnMap":{},"branchMap":{},"s":{"0":1,"1":1,"2":1,"3":1,"4":1,"5":1,"6":1},"f":{},"b":{}}
}
