TN:
SF:src/calculator/calculations.ts
FN:39,calculateBMR
FN:59,calculateTDEE
FN:81,applyGoalAdjustment
FN:120,calculateProtein
FN:133,calculateFat
FN:146,calculateCarbs
FN:169,calculateMacros
FN:220,feetInchesToCm
FN:231,lbsToKg
FNF:9
FNH:9
FNDA:19,calculateBMR
FNDA:18,calculateTDEE
FNDA:22,applyGoalAdjustment
FNDA:15,calculateProtein
FNDA:14,calculateFat
FNDA:14,calculateCarbs
FNDA:10,calculateMacros
FNDA:4,feetInchesToCm
FNDA:3,lbsToKg
DA:11,1
DA:39,1
DA:45,19
DA:46,19
DA:47,19
DA:59,1
DA:60,18
DA:61,18
DA:81,1
DA:87,22
DA:88,22
DA:90,22
DA:91,13
DA:92,13
DA:93,9
DA:94,4
DA:95,4
DA:100,22
DA:101,22
DA:102,5
DA:103,5
DA:106,22
DA:120,1
DA:121,15
DA:122,15
DA:133,1
DA:134,14
DA:135,14
DA:146,1
DA:151,14
DA:152,14
DA:153,14
DA:156,14
DA:157,14
DA:169,1
DA:178,10
DA:181,10
DA:184,10
DA:187,10
DA:195,10
DA:196,10
DA:197,10
DA:199,10
DA:220,1
DA:221,4
DA:222,4
DA:231,1
DA:232,3
LF:48
LH:48
BRDA:46,0,0,12
BRDA:46,0,1,7
BRDA:90,1,0,13
BRDA:90,1,1,9
BRDA:93,2,0,4
BRDA:101,3,0,5
BRDA:177,4,0,5
BRDA:205,5,0,4
BRDA:205,5,1,6
BRDA:220,6,0,1
BRF:10
BRH:10
end_of_record
TN:
SF:src/calculator/types.ts
FNF:0
FNH:0
DA:90,1
DA:100,1
DA:109,1
DA:117,1
DA:126,1
DA:131,1
DA:136,1
LF:7
LH:7
BRF:0
BRH:0
end_of_record
